<?xml version="1.0" encoding="UTF-8"?>
<coverage generated="1605125878212" clover="3.2.0">
  <project timestamp="1605125878212" name="All files">
    <metrics statements="14" coveredstatements="11" conditionals="2" coveredconditionals="1" methods="3" coveredmethods="3" elements="19" coveredelements="15" complexity="0" loc="14" ncloc="14" packages="1" files="3" classes="3"/>
    <file name="projects.js" path="/home/jhonatan/Microverse/JavaScript/JS-ToDoApp/src/projects.js">
      <metrics statements="2" coveredstatements="2" conditionals="0" coveredconditionals="0" methods="1" coveredmethods="1"/>
      <line num="3" count="2" type="stmt"/>
      <line num="4" count="2" type="stmt"/>
    </file>
    <file name="storage.js" path="/home/jhonatan/Microverse/JavaScript/JS-ToDoApp/src/storage.js">
      <metrics statements="7" coveredstatements="4" conditionals="2" coveredconditionals="1" methods="1" coveredmethods="1"/>
      <line num="2" count="1" type="cond" truecount="1" falsecount="1"/>
      <line num="3" count="1" type="stmt"/>
      <line num="13" count="1" type="stmt"/>
      <line num="14" count="1" type="stmt"/>
      <line num="16" count="0" type="stmt"/>
      <line num="17" count="0" type="stmt"/>
      <line num="18" count="0" type="stmt"/>
    </file>
    <file name="todo.js" path="/home/jhonatan/Microverse/JavaScript/JS-ToDoApp/src/todo.js">
      <metrics statements="5" coveredstatements="5" conditionals="0" coveredconditionals="0" methods="1" coveredmethods="1"/>
      <line num="3" count="3" type="stmt"/>
      <line num="4" count="3" type="stmt"/>
      <line num="5" count="3" type="stmt"/>
      <line num="6" count="3" type="stmt"/>
      <line num="7" count="3" type="stmt"/>
    </file>
  </project>
</coverage>
