{"/home/jhonatan/Microverse/JavaScript/JS-ToDoApp/src/projects.js": {"path":"/home/jhonatan/Microverse/JavaScript/JS-ToDoApp/src/projects.js","statementMap":{"0":{"start":{"line":3,"column":4},"end":{"line":3,"column":21}},"1":{"start":{"line":4,"column":4},"end":{"line":4,"column":23}}},"fnMap":{"0":{"name":"(anonymous_0)","decl":{"start":{"line":2,"column":2},"end":{"line":2,"column":3}},"loc":{"start":{"line":2,"column":20},"end":{"line":5,"column":3}},"line":2}},"branchMap":{},"s":{"0":2,"1":2},"f":{"0":2},"b":{},"_coverageSchema":"1a1c01bbd47fc00a2c39e90264f33305004495a9","hash":"bcbaeb2a30fedd0cbd788d664388a6e96af4ef30"}
,"/home/jhonatan/Microverse/JavaScript/JS-ToDoApp/src/storage.js": {"path":"/home/jhonatan/Microverse/JavaScript/JS-ToDoApp/src/storage.js","statementMap":{"0":{"start":{"line":2,"column":2},"end":{"line":19,"column":3}},"1":{"start":{"line":3,"column":20},"end":{"line":12,"column":6}},"2":{"start":{"line":13,"column":4},"end":{"line":13,"column":23}},"3":{"start":{"line":14,"column":4},"end":{"line":14,"column":61}},"4":{"start":{"line":16,"column":20},"end":{"line":16,"column":63}},"5":{"start":{"line":17,"column":4},"end":{"line":17,"column":23}},"6":{"start":{"line":18,"column":4},"end":{"line":18,"column":61}}},"fnMap":{"0":{"name":"createStorage","decl":{"start":{"line":1,"column":9},"end":{"line":1,"column":22}},"loc":{"start":{"line":1,"column":29},"end":{"line":20,"column":1}},"line":1}},"branchMap":{"0":{"loc":{"start":{"line":2,"column":2},"end":{"line":19,"column":3}},"type":"if","locations":[{"start":{"line":2,"column":2},"end":{"line":19,"column":3}},{"start":{"line":2,"column":2},"end":{"line":19,"column":3}}],"line":2}},"s":{"0":1,"1":1,"2":1,"3":1,"4":0,"5":0,"6":0},"f":{"0":1},"b":{"0":[1,0]},"_coverageSchema":"1a1c01bbd47fc00a2c39e90264f33305004495a9","hash":"4e395379a9a7139c2126a3b893e6d8df09ad1e7e"}
,"/home/jhonatan/Microverse/JavaScript/JS-ToDoApp/src/todo.js": {"path":"/home/jhonatan/Microverse/JavaScript/JS-ToDoApp/src/todo.js","statementMap":{"0":{"start":{"line":3,"column":4},"end":{"line":3,"column":23}},"1":{"start":{"line":4,"column":4},"end":{"line":4,"column":35}},"2":{"start":{"line":5,"column":4},"end":{"line":5,"column":21}},"3":{"start":{"line":6,"column":4},"end":{"line":6,"column":29}},"4":{"start":{"line":7,"column":4},"end":{"line":7,"column":21}}},"fnMap":{"0":{"name":"(anonymous_0)","decl":{"start":{"line":2,"column":2},"end":{"line":2,"column":3}},"loc":{"start":{"line":2,"column":56},"end":{"line":8,"column":3}},"line":2}},"branchMap":{},"s":{"0":3,"1":3,"2":3,"3":3,"4":3},"f":{"0":3},"b":{},"_coverageSchema":"1a1c01bbd47fc00a2c39e90264f33305004495a9","hash":"882e19a65c08239f9c6459e37ec4f8fe63b80c1f"}
}
