{"/home/jhonatan/Microverse/JavaScript/JS-ToDoApp/src/createProject.js": {"path":"/home/jhonatan/Microverse/JavaScript/JS-ToDoApp/src/createProject.js","statementMap":{"0":{"start":{"line":4,"column":21},"end":{"line":4,"column":65}},"1":{"start":{"line":6,"column":21},"end":{"line":9,"column":1}},"2":{"start":{"line":7,"column":14},"end":{"line":7,"column":63}},"3":{"start":{"line":8,"column":2},"end":{"line":8,"column":19}},"4":{"start":{"line":11,"column":22},"end":{"line":16,"column":1}},"5":{"start":{"line":12,"column":2},"end":{"line":14,"column":3}},"6":{"start":{"line":13,"column":4},"end":{"line":13,"column":23}},"7":{"start":{"line":15,"column":2},"end":{"line":15,"column":17}},"8":{"start":{"line":18,"column":22},"end":{"line":205,"column":1}},"9":{"start":{"line":19,"column":2},"end":{"line":19,"column":30}},"10":{"start":{"line":20,"column":2},"end":{"line":20,"column":38}},"11":{"start":{"line":23,"column":2},"end":{"line":204,"column":3}},"12":{"start":{"line":23,"column":15},"end":{"line":23,"column":16}},"13":{"start":{"line":24,"column":17},"end":{"line":24,"column":46}},"14":{"start":{"line":25,"column":17},"end":{"line":25,"column":45}},"15":{"start":{"line":26,"column":17},"end":{"line":26,"column":49}},"16":{"start":{"line":28,"column":4},"end":{"line":28,"column":22}},"17":{"start":{"line":29,"column":4},"end":{"line":29,"column":38}},"18":{"start":{"line":30,"column":4},"end":{"line":30,"column":34}},"19":{"start":{"line":31,"column":4},"end":{"line":31,"column":40}},"20":{"start":{"line":32,"column":4},"end":{"line":32,"column":25}},"21":{"start":{"line":33,"column":4},"end":{"line":33,"column":39}},"22":{"start":{"line":34,"column":4},"end":{"line":34,"column":30}},"23":{"start":{"line":35,"column":4},"end":{"line":35,"column":38}},"24":{"start":{"line":37,"column":4},"end":{"line":37,"column":27}},"25":{"start":{"line":39,"column":4},"end":{"line":111,"column":5}},"26":{"start":{"line":39,"column":17},"end":{"line":39,"column":18}},"27":{"start":{"line":40,"column":23},"end":{"line":40,"column":52}},"28":{"start":{"line":41,"column":20},"end":{"line":41,"column":48}},"29":{"start":{"line":42,"column":20},"end":{"line":42,"column":47}},"30":{"start":{"line":43,"column":23},"end":{"line":43,"column":50}},"31":{"start":{"line":44,"column":27},"end":{"line":44,"column":54}},"32":{"start":{"line":45,"column":20},"end":{"line":45,"column":47}},"33":{"start":{"line":46,"column":23},"end":{"line":46,"column":55}},"34":{"start":{"line":47,"column":25},"end":{"line":47,"column":57}},"35":{"start":{"line":48,"column":6},"end":{"line":48,"column":62}},"36":{"start":{"line":49,"column":32},"end":{"line":49,"column":61}},"37":{"start":{"line":50,"column":23},"end":{"line":50,"column":55}},"38":{"start":{"line":51,"column":23},"end":{"line":51,"column":55}},"39":{"start":{"line":53,"column":6},"end":{"line":53,"column":56}},"40":{"start":{"line":54,"column":6},"end":{"line":54,"column":62}},"41":{"start":{"line":55,"column":6},"end":{"line":55,"column":58}},"42":{"start":{"line":56,"column":6},"end":{"line":56,"column":80}},"43":{"start":{"line":57,"column":6},"end":{"line":57,"column":70}},"44":{"start":{"line":58,"column":6},"end":{"line":58,"column":36}},"45":{"start":{"line":59,"column":6},"end":{"line":59,"column":40}},"46":{"start":{"line":60,"column":6},"end":{"line":60,"column":55}},"47":{"start":{"line":61,"column":6},"end":{"line":61,"column":61}},"48":{"start":{"line":62,"column":6},"end":{"line":62,"column":47}},"49":{"start":{"line":63,"column":6},"end":{"line":63,"column":49}},"50":{"start":{"line":64,"column":6},"end":{"line":64,"column":31}},"51":{"start":{"line":65,"column":6},"end":{"line":65,"column":31}},"52":{"start":{"line":66,"column":6},"end":{"line":66,"column":42}},"53":{"start":{"line":67,"column":6},"end":{"line":67,"column":45}},"54":{"start":{"line":68,"column":6},"end":{"line":68,"column":38}},"55":{"start":{"line":69,"column":6},"end":{"line":69,"column":36}},"56":{"start":{"line":70,"column":6},"end":{"line":70,"column":36}},"57":{"start":{"line":72,"column":6},"end":{"line":80,"column":9}},"58":{"start":{"line":73,"column":8},"end":{"line":73,"column":27}},"59":{"start":{"line":74,"column":24},"end":{"line":74,"column":67}},"60":{"start":{"line":75,"column":8},"end":{"line":75,"column":41}},"61":{"start":{"line":77,"column":8},"end":{"line":77,"column":65}},"62":{"start":{"line":79,"column":8},"end":{"line":79,"column":67}},"63":{"start":{"line":81,"column":6},"end":{"line":85,"column":9}},"64":{"start":{"line":82,"column":8},"end":{"line":82,"column":27}},"65":{"start":{"line":83,"column":8},"end":{"line":83,"column":29}},"66":{"start":{"line":84,"column":8},"end":{"line":84,"column":23}},"67":{"start":{"line":87,"column":6},"end":{"line":91,"column":9}},"68":{"start":{"line":88,"column":8},"end":{"line":88,"column":50}},"69":{"start":{"line":89,"column":8},"end":{"line":89,"column":40}},"70":{"start":{"line":90,"column":8},"end":{"line":90,"column":41}},"71":{"start":{"line":93,"column":6},"end":{"line":97,"column":9}},"72":{"start":{"line":94,"column":8},"end":{"line":94,"column":49}},"73":{"start":{"line":95,"column":8},"end":{"line":95,"column":41}},"74":{"start":{"line":96,"column":8},"end":{"line":96,"column":40}},"75":{"start":{"line":99,"column":6},"end":{"line":99,"column":34}},"76":{"start":{"line":100,"column":6},"end":{"line":100,"column":34}},"77":{"start":{"line":101,"column":6},"end":{"line":101,"column":37}},"78":{"start":{"line":102,"column":6},"end":{"line":102,"column":37}},"79":{"start":{"line":103,"column":6},"end":{"line":103,"column":46}},"80":{"start":{"line":104,"column":6},"end":{"line":104,"column":50}},"81":{"start":{"line":105,"column":6},"end":{"line":105,"column":43}},"82":{"start":{"line":106,"column":6},"end":{"line":106,"column":46}},"83":{"start":{"line":107,"column":6},"end":{"line":107,"column":48}},"84":{"start":{"line":108,"column":6},"end":{"line":108,"column":46}},"85":{"start":{"line":110,"column":6},"end":{"line":110,"column":33}},"86":{"start":{"line":113,"column":4},"end":{"line":200,"column":7}},"87":{"start":{"line":114,"column":21},"end":{"line":114,"column":50}},"88":{"start":{"line":115,"column":6},"end":{"line":115,"column":32}},"89":{"start":{"line":116,"column":6},"end":{"line":116,"column":40}},"90":{"start":{"line":117,"column":6},"end":{"line":117,"column":45}},"91":{"start":{"line":118,"column":20},"end":{"line":118,"column":49}},"92":{"start":{"line":119,"column":19},"end":{"line":119,"column":49}},"93":{"start":{"line":120,"column":21},"end":{"line":120,"column":50}},"94":{"start":{"line":121,"column":21},"end":{"line":121,"column":52}},"95":{"start":{"line":122,"column":21},"end":{"line":122,"column":50}},"96":{"start":{"line":123,"column":21},"end":{"line":123,"column":52}},"97":{"start":{"line":124,"column":21},"end":{"line":124,"column":50}},"98":{"start":{"line":125,"column":21},"end":{"line":125,"column":52}},"99":{"start":{"line":126,"column":21},"end":{"line":126,"column":50}},"100":{"start":{"line":127,"column":19},"end":{"line":127,"column":51}},"101":{"start":{"line":128,"column":19},"end":{"line":128,"column":51}},"102":{"start":{"line":129,"column":19},"end":{"line":129,"column":51}},"103":{"start":{"line":130,"column":19},"end":{"line":130,"column":51}},"104":{"start":{"line":131,"column":21},"end":{"line":131,"column":50}},"105":{"start":{"line":132,"column":21},"end":{"line":132,"column":52}},"106":{"start":{"line":133,"column":21},"end":{"line":133,"column":52}},"107":{"start":{"line":134,"column":21},"end":{"line":134,"column":52}},"108":{"start":{"line":136,"column":6},"end":{"line":136,"column":35}},"109":{"start":{"line":137,"column":6},"end":{"line":137,"column":23}},"110":{"start":{"line":138,"column":6},"end":{"line":138,"column":36}},"111":{"start":{"line":139,"column":6},"end":{"line":139,"column":48}},"112":{"start":{"line":140,"column":6},"end":{"line":140,"column":27}},"113":{"start":{"line":141,"column":6},"end":{"line":141,"column":26}},"114":{"start":{"line":142,"column":6},"end":{"line":142,"column":35}},"115":{"start":{"line":143,"column":6},"end":{"line":143,"column":40}},"116":{"start":{"line":144,"column":6},"end":{"line":144,"column":29}},"117":{"start":{"line":145,"column":6},"end":{"line":145,"column":50}},"118":{"start":{"line":146,"column":6},"end":{"line":146,"column":27}},"119":{"start":{"line":147,"column":6},"end":{"line":147,"column":32}},"120":{"start":{"line":148,"column":6},"end":{"line":148,"column":29}},"121":{"start":{"line":149,"column":6},"end":{"line":149,"column":41}},"122":{"start":{"line":150,"column":6},"end":{"line":150,"column":40}},"123":{"start":{"line":151,"column":6},"end":{"line":151,"column":43}},"124":{"start":{"line":152,"column":6},"end":{"line":152,"column":27}},"125":{"start":{"line":153,"column":6},"end":{"line":153,"column":25}},"126":{"start":{"line":154,"column":6},"end":{"line":154,"column":29}},"127":{"start":{"line":155,"column":6},"end":{"line":155,"column":40}},"128":{"start":{"line":156,"column":6},"end":{"line":156,"column":47}},"129":{"start":{"line":157,"column":6},"end":{"line":157,"column":27}},"130":{"start":{"line":158,"column":6},"end":{"line":158,"column":27}},"131":{"start":{"line":159,"column":6},"end":{"line":159,"column":38}},"132":{"start":{"line":160,"column":6},"end":{"line":160,"column":35}},"133":{"start":{"line":161,"column":6},"end":{"line":161,"column":41}},"134":{"start":{"line":162,"column":6},"end":{"line":162,"column":34}},"135":{"start":{"line":163,"column":6},"end":{"line":163,"column":40}},"136":{"start":{"line":164,"column":6},"end":{"line":164,"column":34}},"137":{"start":{"line":165,"column":6},"end":{"line":165,"column":40}},"138":{"start":{"line":166,"column":6},"end":{"line":166,"column":43}},"139":{"start":{"line":167,"column":6},"end":{"line":167,"column":31}},"140":{"start":{"line":168,"column":6},"end":{"line":168,"column":25}},"141":{"start":{"line":169,"column":6},"end":{"line":169,"column":27}},"142":{"start":{"line":170,"column":6},"end":{"line":170,"column":40}},"143":{"start":{"line":171,"column":6},"end":{"line":171,"column":26}},"144":{"start":{"line":172,"column":6},"end":{"line":172,"column":41}},"145":{"start":{"line":173,"column":6},"end":{"line":173,"column":29}},"146":{"start":{"line":174,"column":6},"end":{"line":174,"column":27}},"147":{"start":{"line":175,"column":6},"end":{"line":175,"column":35}},"148":{"start":{"line":176,"column":6},"end":{"line":176,"column":53}},"149":{"start":{"line":178,"column":6},"end":{"line":178,"column":33}},"150":{"start":{"line":179,"column":6},"end":{"line":179,"column":33}},"151":{"start":{"line":180,"column":6},"end":{"line":180,"column":29}},"152":{"start":{"line":181,"column":6},"end":{"line":181,"column":29}},"153":{"start":{"line":182,"column":6},"end":{"line":182,"column":29}},"154":{"start":{"line":183,"column":6},"end":{"line":183,"column":31}},"155":{"start":{"line":184,"column":6},"end":{"line":184,"column":33}},"156":{"start":{"line":185,"column":6},"end":{"line":185,"column":33}},"157":{"start":{"line":186,"column":6},"end":{"line":186,"column":33}},"158":{"start":{"line":187,"column":6},"end":{"line":187,"column":31}},"159":{"start":{"line":188,"column":6},"end":{"line":188,"column":31}},"160":{"start":{"line":189,"column":6},"end":{"line":189,"column":31}},"161":{"start":{"line":190,"column":6},"end":{"line":190,"column":31}},"162":{"start":{"line":191,"column":6},"end":{"line":191,"column":31}},"163":{"start":{"line":192,"column":6},"end":{"line":192,"column":31}},"164":{"start":{"line":193,"column":6},"end":{"line":193,"column":30}},"165":{"start":{"line":194,"column":6},"end":{"line":194,"column":32}},"166":{"start":{"line":195,"column":6},"end":{"line":199,"column":9}},"167":{"start":{"line":196,"column":8},"end":{"line":198,"column":9}},"168":{"start":{"line":197,"column":10},"end":{"line":197,"column":21}},"169":{"start":{"line":202,"column":4},"end":{"line":202,"column":27}},"170":{"start":{"line":203,"column":4},"end":{"line":203,"column":35}}},"fnMap":{"0":{"name":"(anonymous_0)","decl":{"start":{"line":6,"column":21},"end":{"line":6,"column":22}},"loc":{"start":{"line":6,"column":31},"end":{"line":9,"column":1}},"line":6},"1":{"name":"(anonymous_1)","decl":{"start":{"line":11,"column":22},"end":{"line":11,"column":23}},"loc":{"start":{"line":11,"column":37},"end":{"line":16,"column":1}},"line":11},"2":{"name":"(anonymous_2)","decl":{"start":{"line":18,"column":22},"end":{"line":18,"column":23}},"loc":{"start":{"line":18,"column":36},"end":{"line":205,"column":1}},"line":18},"3":{"name":"(anonymous_3)","decl":{"start":{"line":72,"column":43},"end":{"line":72,"column":44}},"loc":{"start":{"line":72,"column":50},"end":{"line":80,"column":7}},"line":72},"4":{"name":"(anonymous_4)","decl":{"start":{"line":81,"column":41},"end":{"line":81,"column":42}},"loc":{"start":{"line":81,"column":48},"end":{"line":85,"column":7}},"line":81},"5":{"name":"(anonymous_5)","decl":{"start":{"line":87,"column":41},"end":{"line":87,"column":42}},"loc":{"start":{"line":87,"column":47},"end":{"line":91,"column":7}},"line":87},"6":{"name":"(anonymous_6)","decl":{"start":{"line":93,"column":41},"end":{"line":93,"column":42}},"loc":{"start":{"line":93,"column":47},"end":{"line":97,"column":7}},"line":93},"7":{"name":"(anonymous_7)","decl":{"start":{"line":113,"column":35},"end":{"line":113,"column":36}},"loc":{"start":{"line":113,"column":41},"end":{"line":200,"column":5}},"line":113},"8":{"name":"(anonymous_8)","decl":{"start":{"line":195,"column":39},"end":{"line":195,"column":40}},"loc":{"start":{"line":195,"column":45},"end":{"line":199,"column":7}},"line":195}},"branchMap":{"0":{"loc":{"start":{"line":12,"column":2},"end":{"line":14,"column":3}},"type":"if","locations":[{"start":{"line":12,"column":2},"end":{"line":14,"column":3}},{"start":{"line":12,"column":2},"end":{"line":14,"column":3}}],"line":12},"1":{"loc":{"start":{"line":196,"column":8},"end":{"line":198,"column":9}},"type":"if","locations":[{"start":{"line":196,"column":8},"end":{"line":198,"column":9}},{"start":{"line":196,"column":8},"end":{"line":198,"column":9}}],"line":196},"2":{"loc":{"start":{"line":196,"column":12},"end":{"line":196,"column":77}},"type":"binary-expr","locations":[{"start":{"line":196,"column":12},"end":{"line":196,"column":31}},{"start":{"line":196,"column":35},"end":{"line":196,"column":54}},{"start":{"line":196,"column":58},"end":{"line":196,"column":77}}],"line":196}},"s":{"0":1,"1":1,"2":0,"3":0,"4":1,"5":0,"6":0,"7":0,"8":1,"9":0,"10":0,"11":0,"12":0,"13":0,"14":0,"15":0,"16":0,"17":0,"18":0,"19":0,"20":0,"21":0,"22":0,"23":0,"24":0,"25":0,"26":0,"27":0,"28":0,"29":0,"30":0,"31":0,"32":0,"33":0,"34":0,"35":0,"36":0,"37":0,"38":0,"39":0,"40":0,"41":0,"42":0,"43":0,"44":0,"45":0,"46":0,"47":0,"48":0,"49":0,"50":0,"51":0,"52":0,"53":0,"54":0,"55":0,"56":0,"57":0,"58":0,"59":0,"60":0,"61":0,"62":0,"63":0,"64":0,"65":0,"66":0,"67":0,"68":0,"69":0,"70":0,"71":0,"72":0,"73":0,"74":0,"75":0,"76":0,"77":0,"78":0,"79":0,"80":0,"81":0,"82":0,"83":0,"84":0,"85":0,"86":0,"87":0,"88":0,"89":0,"90":0,"91":0,"92":0,"93":0,"94":0,"95":0,"96":0,"97":0,"98":0,"99":0,"100":0,"101":0,"102":0,"103":0,"104":0,"105":0,"106":0,"107":0,"108":0,"109":0,"110":0,"111":0,"112":0,"113":0,"114":0,"115":0,"116":0,"117":0,"118":0,"119":0,"120":0,"121":0,"122":0,"123":0,"124":0,"125":0,"126":0,"127":0,"128":0,"129":0,"130":0,"131":0,"132":0,"133":0,"134":0,"135":0,"136":0,"137":0,"138":0,"139":0,"140":0,"141":0,"142":0,"143":0,"144":0,"145":0,"146":0,"147":0,"148":0,"149":0,"150":0,"151":0,"152":0,"153":0,"154":0,"155":0,"156":0,"157":0,"158":0,"159":0,"160":0,"161":0,"162":0,"163":0,"164":0,"165":0,"166":0,"167":0,"168":0,"169":0,"170":0},"f":{"0":0,"1":0,"2":0,"3":0,"4":0,"5":0,"6":0,"7":0,"8":0},"b":{"0":[0,0],"1":[0,0],"2":[0,0,0]},"_coverageSchema":"1a1c01bbd47fc00a2c39e90264f33305004495a9","hash":"2314fe5289218b39100f2e4bc54ce56589b669e1"}
,"/home/jhonatan/Microverse/JavaScript/JS-ToDoApp/src/edit.js": {"path":"/home/jhonatan/Microverse/JavaScript/JS-ToDoApp/src/edit.js","statementMap":{"0":{"start":{"line":3,"column":15},"end":{"line":20,"column":1}},"1":{"start":{"line":4,"column":24},"end":{"line":4,"column":62}},"2":{"start":{"line":5,"column":30},"end":{"line":5,"column":74}},"3":{"start":{"line":6,"column":23},"end":{"line":6,"column":60}},"4":{"start":{"line":7,"column":27},"end":{"line":7,"column":76}},"5":{"start":{"line":8,"column":28},"end":{"line":8,"column":67}},"6":{"start":{"line":10,"column":18},"end":{"line":10,"column":61}},"7":{"start":{"line":12,"column":2},"end":{"line":12,"column":47}},"8":{"start":{"line":13,"column":2},"end":{"line":13,"column":59}},"9":{"start":{"line":14,"column":2},"end":{"line":14,"column":45}},"10":{"start":{"line":15,"column":2},"end":{"line":15,"column":53}},"11":{"start":{"line":16,"column":2},"end":{"line":16,"column":50}},"12":{"start":{"line":18,"column":2},"end":{"line":18,"column":59}},"13":{"start":{"line":19,"column":2},"end":{"line":19,"column":61}}},"fnMap":{"0":{"name":"(anonymous_0)","decl":{"start":{"line":3,"column":15},"end":{"line":3,"column":16}},"loc":{"start":{"line":3,"column":25},"end":{"line":20,"column":1}},"line":3}},"branchMap":{},"s":{"0":1,"1":0,"2":0,"3":0,"4":0,"5":0,"6":0,"7":0,"8":0,"9":0,"10":0,"11":0,"12":0,"13":0},"f":{"0":0},"b":{},"_coverageSchema":"1a1c01bbd47fc00a2c39e90264f33305004495a9","hash":"945846f5b252871fe207b30857a8b1e1c63f35ad"}
,"/home/jhonatan/Microverse/JavaScript/JS-ToDoApp/src/editForm.js": {"path":"/home/jhonatan/Microverse/JavaScript/JS-ToDoApp/src/editForm.js","statementMap":{"0":{"start":{"line":3,"column":17},"end":{"line":98,"column":1}},"1":{"start":{"line":4,"column":23},"end":{"line":4,"column":67}},"2":{"start":{"line":5,"column":18},"end":{"line":5,"column":61}},"3":{"start":{"line":6,"column":19},"end":{"line":6,"column":41}},"4":{"start":{"line":7,"column":17},"end":{"line":7,"column":46}},"5":{"start":{"line":8,"column":2},"end":{"line":8,"column":28}},"6":{"start":{"line":9,"column":2},"end":{"line":9,"column":36}},"7":{"start":{"line":10,"column":2},"end":{"line":10,"column":41}},"8":{"start":{"line":11,"column":16},"end":{"line":11,"column":45}},"9":{"start":{"line":12,"column":15},"end":{"line":12,"column":45}},"10":{"start":{"line":13,"column":17},"end":{"line":13,"column":46}},"11":{"start":{"line":14,"column":17},"end":{"line":14,"column":48}},"12":{"start":{"line":15,"column":17},"end":{"line":15,"column":46}},"13":{"start":{"line":16,"column":17},"end":{"line":16,"column":48}},"14":{"start":{"line":17,"column":17},"end":{"line":17,"column":46}},"15":{"start":{"line":18,"column":17},"end":{"line":18,"column":48}},"16":{"start":{"line":19,"column":17},"end":{"line":19,"column":46}},"17":{"start":{"line":20,"column":15},"end":{"line":20,"column":47}},"18":{"start":{"line":21,"column":15},"end":{"line":21,"column":47}},"19":{"start":{"line":22,"column":15},"end":{"line":22,"column":47}},"20":{"start":{"line":23,"column":15},"end":{"line":23,"column":47}},"21":{"start":{"line":24,"column":17},"end":{"line":24,"column":46}},"22":{"start":{"line":25,"column":17},"end":{"line":25,"column":48}},"23":{"start":{"line":26,"column":17},"end":{"line":26,"column":48}},"24":{"start":{"line":27,"column":17},"end":{"line":27,"column":48}},"25":{"start":{"line":29,"column":2},"end":{"line":29,"column":31}},"26":{"start":{"line":30,"column":2},"end":{"line":30,"column":19}},"27":{"start":{"line":31,"column":2},"end":{"line":31,"column":32}},"28":{"start":{"line":32,"column":2},"end":{"line":32,"column":44}},"29":{"start":{"line":33,"column":2},"end":{"line":33,"column":23}},"30":{"start":{"line":34,"column":2},"end":{"line":34,"column":22}},"31":{"start":{"line":35,"column":2},"end":{"line":35,"column":31}},"32":{"start":{"line":36,"column":2},"end":{"line":36,"column":36}},"33":{"start":{"line":37,"column":2},"end":{"line":37,"column":25}},"34":{"start":{"line":38,"column":2},"end":{"line":38,"column":32}},"35":{"start":{"line":39,"column":2},"end":{"line":39,"column":46}},"36":{"start":{"line":40,"column":2},"end":{"line":40,"column":23}},"37":{"start":{"line":41,"column":2},"end":{"line":41,"column":28}},"38":{"start":{"line":42,"column":2},"end":{"line":42,"column":25}},"39":{"start":{"line":43,"column":2},"end":{"line":43,"column":37}},"40":{"start":{"line":44,"column":2},"end":{"line":44,"column":36}},"41":{"start":{"line":45,"column":2},"end":{"line":45,"column":38}},"42":{"start":{"line":46,"column":2},"end":{"line":46,"column":39}},"43":{"start":{"line":47,"column":2},"end":{"line":47,"column":23}},"44":{"start":{"line":48,"column":2},"end":{"line":48,"column":21}},"45":{"start":{"line":49,"column":2},"end":{"line":49,"column":25}},"46":{"start":{"line":50,"column":2},"end":{"line":50,"column":36}},"47":{"start":{"line":51,"column":2},"end":{"line":51,"column":31}},"48":{"start":{"line":52,"column":2},"end":{"line":52,"column":43}},"49":{"start":{"line":53,"column":2},"end":{"line":53,"column":23}},"50":{"start":{"line":54,"column":2},"end":{"line":54,"column":23}},"51":{"start":{"line":55,"column":2},"end":{"line":55,"column":34}},"52":{"start":{"line":56,"column":2},"end":{"line":56,"column":31}},"53":{"start":{"line":57,"column":2},"end":{"line":57,"column":37}},"54":{"start":{"line":58,"column":2},"end":{"line":58,"column":30}},"55":{"start":{"line":59,"column":2},"end":{"line":59,"column":36}},"56":{"start":{"line":60,"column":2},"end":{"line":60,"column":30}},"57":{"start":{"line":61,"column":2},"end":{"line":61,"column":36}},"58":{"start":{"line":62,"column":2},"end":{"line":62,"column":33}},"59":{"start":{"line":63,"column":2},"end":{"line":63,"column":39}},"60":{"start":{"line":64,"column":2},"end":{"line":64,"column":27}},"61":{"start":{"line":65,"column":2},"end":{"line":65,"column":21}},"62":{"start":{"line":66,"column":2},"end":{"line":66,"column":23}},"63":{"start":{"line":67,"column":2},"end":{"line":67,"column":36}},"64":{"start":{"line":68,"column":2},"end":{"line":68,"column":22}},"65":{"start":{"line":69,"column":2},"end":{"line":69,"column":37}},"66":{"start":{"line":70,"column":2},"end":{"line":70,"column":31}},"67":{"start":{"line":71,"column":2},"end":{"line":71,"column":25}},"68":{"start":{"line":72,"column":2},"end":{"line":72,"column":23}},"69":{"start":{"line":73,"column":2},"end":{"line":73,"column":31}},"70":{"start":{"line":74,"column":2},"end":{"line":74,"column":49}},"71":{"start":{"line":76,"column":2},"end":{"line":76,"column":29}},"72":{"start":{"line":77,"column":2},"end":{"line":77,"column":29}},"73":{"start":{"line":78,"column":2},"end":{"line":78,"column":25}},"74":{"start":{"line":79,"column":2},"end":{"line":79,"column":25}},"75":{"start":{"line":80,"column":2},"end":{"line":80,"column":25}},"76":{"start":{"line":81,"column":2},"end":{"line":81,"column":27}},"77":{"start":{"line":82,"column":2},"end":{"line":82,"column":29}},"78":{"start":{"line":83,"column":2},"end":{"line":83,"column":29}},"79":{"start":{"line":84,"column":2},"end":{"line":84,"column":29}},"80":{"start":{"line":85,"column":2},"end":{"line":85,"column":27}},"81":{"start":{"line":86,"column":2},"end":{"line":86,"column":27}},"82":{"start":{"line":87,"column":2},"end":{"line":87,"column":27}},"83":{"start":{"line":88,"column":2},"end":{"line":88,"column":27}},"84":{"start":{"line":89,"column":2},"end":{"line":89,"column":27}},"85":{"start":{"line":90,"column":2},"end":{"line":90,"column":27}},"86":{"start":{"line":91,"column":2},"end":{"line":91,"column":26}},"87":{"start":{"line":92,"column":2},"end":{"line":92,"column":28}},"88":{"start":{"line":93,"column":2},"end":{"line":97,"column":5}},"89":{"start":{"line":94,"column":4},"end":{"line":96,"column":5}},"90":{"start":{"line":95,"column":6},"end":{"line":95,"column":19}}},"fnMap":{"0":{"name":"(anonymous_0)","decl":{"start":{"line":3,"column":17},"end":{"line":3,"column":18}},"loc":{"start":{"line":3,"column":27},"end":{"line":98,"column":1}},"line":3},"1":{"name":"(anonymous_1)","decl":{"start":{"line":93,"column":35},"end":{"line":93,"column":36}},"loc":{"start":{"line":93,"column":41},"end":{"line":97,"column":3}},"line":93}},"branchMap":{"0":{"loc":{"start":{"line":94,"column":4},"end":{"line":96,"column":5}},"type":"if","locations":[{"start":{"line":94,"column":4},"end":{"line":96,"column":5}},{"start":{"line":94,"column":4},"end":{"line":96,"column":5}}],"line":94},"1":{"loc":{"start":{"line":94,"column":8},"end":{"line":94,"column":73}},"type":"binary-expr","locations":[{"start":{"line":94,"column":8},"end":{"line":94,"column":27}},{"start":{"line":94,"column":31},"end":{"line":94,"column":50}},{"start":{"line":94,"column":54},"end":{"line":94,"column":73}}],"line":94}},"s":{"0":1,"1":0,"2":0,"3":0,"4":0,"5":0,"6":0,"7":0,"8":0,"9":0,"10":0,"11":0,"12":0,"13":0,"14":0,"15":0,"16":0,"17":0,"18":0,"19":0,"20":0,"21":0,"22":0,"23":0,"24":0,"25":0,"26":0,"27":0,"28":0,"29":0,"30":0,"31":0,"32":0,"33":0,"34":0,"35":0,"36":0,"37":0,"38":0,"39":0,"40":0,"41":0,"42":0,"43":0,"44":0,"45":0,"46":0,"47":0,"48":0,"49":0,"50":0,"51":0,"52":0,"53":0,"54":0,"55":0,"56":0,"57":0,"58":0,"59":0,"60":0,"61":0,"62":0,"63":0,"64":0,"65":0,"66":0,"67":0,"68":0,"69":0,"70":0,"71":0,"72":0,"73":0,"74":0,"75":0,"76":0,"77":0,"78":0,"79":0,"80":0,"81":0,"82":0,"83":0,"84":0,"85":0,"86":0,"87":0,"88":0,"89":0,"90":0},"f":{"0":0,"1":0},"b":{"0":[0,0],"1":[0,0,0]},"_coverageSchema":"1a1c01bbd47fc00a2c39e90264f33305004495a9","hash":"e1a75d899fd4ed99a4886b6c24bc51fea6a4649b"}
,"/home/jhonatan/Microverse/JavaScript/JS-ToDoApp/src/onclick.js": {"path":"/home/jhonatan/Microverse/JavaScript/JS-ToDoApp/src/onclick.js","statementMap":{"0":{"start":{"line":3,"column":16},"end":{"line":14,"column":1}},"1":{"start":{"line":4,"column":16},"end":{"line":4,"column":54}},"2":{"start":{"line":5,"column":22},"end":{"line":5,"column":66}},"3":{"start":{"line":6,"column":15},"end":{"line":6,"column":52}},"4":{"start":{"line":7,"column":19},"end":{"line":7,"column":68}},"5":{"start":{"line":8,"column":15},"end":{"line":8,"column":54}},"6":{"start":{"line":10,"column":15},"end":{"line":10,"column":65}},"7":{"start":{"line":11,"column":18},"end":{"line":11,"column":61}},"8":{"start":{"line":12,"column":2},"end":{"line":12,"column":42}},"9":{"start":{"line":13,"column":2},"end":{"line":13,"column":59}}},"fnMap":{"0":{"name":"(anonymous_0)","decl":{"start":{"line":3,"column":16},"end":{"line":3,"column":17}},"loc":{"start":{"line":3,"column":29},"end":{"line":14,"column":1}},"line":3}},"branchMap":{},"s":{"0":1,"1":0,"2":0,"3":0,"4":0,"5":0,"6":0,"7":0,"8":0,"9":0},"f":{"0":0},"b":{},"_coverageSchema":"1a1c01bbd47fc00a2c39e90264f33305004495a9","hash":"f7c8a37253cdf7e213a57a64840bb4f63bf37c1e"}
,"/home/jhonatan/Microverse/JavaScript/JS-ToDoApp/src/projects.js": {"path":"/home/jhonatan/Microverse/JavaScript/JS-ToDoApp/src/projects.js","statementMap":{"0":{"start":{"line":3,"column":4},"end":{"line":3,"column":21}},"1":{"start":{"line":4,"column":4},"end":{"line":4,"column":23}}},"fnMap":{"0":{"name":"(anonymous_0)","decl":{"start":{"line":2,"column":2},"end":{"line":2,"column":3}},"loc":{"start":{"line":2,"column":20},"end":{"line":5,"column":3}},"line":2}},"branchMap":{},"s":{"0":2,"1":2},"f":{"0":2},"b":{},"_coverageSchema":"1a1c01bbd47fc00a2c39e90264f33305004495a9","hash":"bcbaeb2a30fedd0cbd788d664388a6e96af4ef30"}
,"/home/jhonatan/Microverse/JavaScript/JS-ToDoApp/src/storage.js": {"path":"/home/jhonatan/Microverse/JavaScript/JS-ToDoApp/src/storage.js","statementMap":{"0":{"start":{"line":2,"column":2},"end":{"line":19,"column":3}},"1":{"start":{"line":3,"column":20},"end":{"line":12,"column":6}},"2":{"start":{"line":13,"column":4},"end":{"line":13,"column":23}},"3":{"start":{"line":14,"column":4},"end":{"line":14,"column":61}},"4":{"start":{"line":16,"column":20},"end":{"line":16,"column":63}},"5":{"start":{"line":17,"column":4},"end":{"line":17,"column":23}},"6":{"start":{"line":18,"column":4},"end":{"line":18,"column":61}}},"fnMap":{"0":{"name":"createStorage","decl":{"start":{"line":1,"column":9},"end":{"line":1,"column":22}},"loc":{"start":{"line":1,"column":29},"end":{"line":20,"column":1}},"line":1}},"branchMap":{"0":{"loc":{"start":{"line":2,"column":2},"end":{"line":19,"column":3}},"type":"if","locations":[{"start":{"line":2,"column":2},"end":{"line":19,"column":3}},{"start":{"line":2,"column":2},"end":{"line":19,"column":3}}],"line":2}},"s":{"0":2,"1":2,"2":2,"3":2,"4":0,"5":0,"6":0},"f":{"0":2},"b":{"0":[2,0]},"_coverageSchema":"1a1c01bbd47fc00a2c39e90264f33305004495a9","hash":"4e395379a9a7139c2126a3b893e6d8df09ad1e7e"}
,"/home/jhonatan/Microverse/JavaScript/JS-ToDoApp/src/todo.js": {"path":"/home/jhonatan/Microverse/JavaScript/JS-ToDoApp/src/todo.js","statementMap":{"0":{"start":{"line":3,"column":4},"end":{"line":3,"column":23}},"1":{"start":{"line":4,"column":4},"end":{"line":4,"column":35}},"2":{"start":{"line":5,"column":4},"end":{"line":5,"column":21}},"3":{"start":{"line":6,"column":4},"end":{"line":6,"column":29}},"4":{"start":{"line":7,"column":4},"end":{"line":7,"column":21}}},"fnMap":{"0":{"name":"(anonymous_0)","decl":{"start":{"line":2,"column":2},"end":{"line":2,"column":3}},"loc":{"start":{"line":2,"column":56},"end":{"line":8,"column":3}},"line":2}},"branchMap":{},"s":{"0":3,"1":3,"2":3,"3":3,"4":3},"f":{"0":3},"b":{},"_coverageSchema":"1a1c01bbd47fc00a2c39e90264f33305004495a9","hash":"882e19a65c08239f9c6459e37ec4f8fe63b80c1f"}
}
